
Showing logs for build [32mcb-kubecd-environment-pr-102-83-4g5rw-1[0m stage [32mfrom-build-pack[0m and container [32mstep-credential-initializer-jgng6[0m
{"level":"warn","ts":1576616853.9494607,"logger":"fallback-logger","caller":"logging/config.go:69","msg":"Fetch GitHub commit ID from kodata failed: \"ref: refs/heads/master\" is not a valid GitHub commit ID"}
{"level":"info","ts":1576616853.950382,"logger":"fallback-logger","caller":"creds-init/main.go:40","msg":"Credentials initialized."}

Showing logs for build [32mcb-kubecd-environment-pr-102-83-4g5rw-1[0m stage [32mfrom-build-pack[0m and container [32mstep-working-dir-initializer-79t2m[0m
{"level":"warn","ts":1576616854.9114919,"logger":"fallback-logger","caller":"logging/config.go:69","msg":"Fetch GitHub commit ID from kodata failed: open /var/run/ko/HEAD: no such file or directory"}
{"level":"info","ts":1576616854.9143744,"logger":"fallback-logger","caller":"bash/main.go:65","msg":"Successfully executed command \"mkdir -p /workspace/source\""}

Showing logs for build [32mcb-kubecd-environment-pr-102-83-4g5rw-1[0m stage [32mfrom-build-pack[0m and container [32mstep-place-tools[0m

Showing logs for build [32mcb-kubecd-environment-pr-102-83-4g5rw-1[0m stage [32mfrom-build-pack[0m and container [32mstep-git-source-cb-kubecd-environment-pr-102-83-4tp6b[0m
{"level":"warn","ts":1576616858.9958823,"logger":"fallback-logger","caller":"logging/config.go:69","msg":"Fetch GitHub commit ID from kodata failed: \"ref: refs/heads/master\" is not a valid GitHub commit ID"}
{"level":"info","ts":1576616860.144299,"logger":"fallback-logger","caller":"git/git.go:102","msg":"Successfully cloned https://github.com/cb-kubecd/environment-pr-102-83-boot-gke-production.git @ master in path /workspace/source"}

Showing logs for build [32mcb-kubecd-environment-pr-102-83-4g5rw-1[0m stage [32mfrom-build-pack[0m and container [32mstep-git-merge[0m
Using SHAs from PULL_REFS=master:69cf376f3db70ea12a0a76014cdf6d8512e22e92,1:81ba0ae45082991bd8ad1b0c0bec46aa3299508d
DEBUG: ran git fetch --unshallow origin 81ba0ae45082991bd8ad1b0c0bec46aa3299508d: 69cf376f3db70ea12a0a76014cdf6d8512e22e92: in 
DEBUG: ran git checkout master in 
DEBUG: ran git reset --hard 69cf376f3db70ea12a0a76014cdf6d8512e22e92 in 
DEBUG: ran clean --force -d . in 
DEBUG: ran git merge 81ba0ae45082991bd8ad1b0c0bec46aa3299508d in 
Merged SHA 81ba0ae45082991bd8ad1b0c0bec46aa3299508d with commit message 'chore: Promote bdd-spring-1576615862 to version 0.0.1' into base branch master

Showing logs for build [32mcb-kubecd-environment-pr-102-83-4g5rw-1[0m stage [32mfrom-build-pack[0m and container [32mstep-build-helm-build[0m
WARNING: No $CHART_REPOSITORY defined so using the default value of: http://jenkins-x-chartmuseum:8080
Adding missing Helm repo: storage.googleapis.com https://storage.googleapis.com/chartmuseum.jenkins-x.io
Read credentials for https://storage.googleapis.com/chartmuseum.jenkins-x.io from vault helm/repos
Successfully added Helm repository storage.googleapis.com.
Adding missing Helm repo: jenkins-x-chartmuseum http://jenkins-x-chartmuseum:8080
Read credentials for http://jenkins-x-chartmuseum:8080 from vault helm/repos
Successfully added Helm repository jenkins-x-chartmuseum.
WARNING: No $CHART_REPOSITORY defined so using the default value of: http://jenkins-x-chartmuseum:8080
Adding missing Helm repo: chartmuseum.jenkins-x.io http://chartmuseum.jenkins-x.io
Read credentials for http://chartmuseum.jenkins-x.io from vault helm/repos
Successfully added Helm repository chartmuseum.jenkins-x.io.
